07:50:35.754 INFO  made it here 
07:50:35.754 INFO   
07:51:22.475 INFO  made it here 
07:51:22.475 INFO   
07:51:22.487 INFO  asdf 
07:51:22.487 INFO  1 
07:51:22.487 INFO   
07:51:34.071 INFO  made it here 
07:51:34.072 INFO   
07:51:34.340 INFO  asdf 
07:51:34.340 INFO  1 
07:51:34.340 INFO   
07:52:02.123 INFO  made it here 
07:52:02.124 INFO   
07:52:02.135 INFO  cookie 
07:52:02.135 INFO  1 
07:52:02.135 INFO  6 
07:54:43.383 INFO  made it here 
07:54:43.384 INFO   
07:54:43.654 INFO  cookie 
07:54:43.654 INFO  1 
07:54:43.654 INFO  6 
07:55:36.610 INFO  made it here 
07:55:36.611 INFO   
07:55:36.884 INFO  line ingested 
07:55:36.884 INFO  cookie 
07:55:36.884 INFO  1 
07:55:36.884 INFO  6 
07:56:03.545 INFO  made it here 
07:56:03.546 INFO  fooooooooooooo 
07:56:03.546 INFO   
07:56:03.821 INFO  line ingested 
07:56:03.821 INFO  cookie 
07:56:03.821 INFO  1 
07:56:03.821 INFO  6 
08:00:20.332 INFO  made it here 
08:00:20.332 INFO  fooooooooooooo 
08:00:20.332 INFO   
08:00:20.601 INFO  line ingested 
08:00:20.601 INFO  cookie 
08:00:20.601 INFO  1 
08:00:20.601 INFO  6 
08:03:29.617 INFO  made it here 
08:03:29.618 INFO  fooooooooooooo 
08:03:29.618 INFO   
08:03:29.885 INFO  line ingested 
08:03:29.885 INFO  cookie 
08:03:29.885 INFO  1 
08:03:29.885 INFO  6 
08:13:02.220 INFO  cookie 
08:13:02.220 INFO  1 
08:13:02.220 INFO  6 
08:13:35.865 INFO  cookie 
08:13:35.865 INFO  1 
08:13:35.865 INFO  6 
08:15:45.563 INFO  cookie 
08:15:45.563 INFO  1 
08:15:45.563 INFO  6 
08:18:00.871 INFO  cookie 
08:18:00.871 INFO  1 
08:18:00.871 INFO  6 
08:18:11.638 INFO  cookie 
08:18:11.638 INFO  1 
08:18:11.638 INFO  6 
08:18:30.392 INFO  cookie 
08:18:30.392 INFO  1 
08:18:30.392 INFO  6 
08:59:28.716 INFO  cookie 
08:59:28.716 INFO  1 
08:59:28.716 INFO  6 
08:59:28.716 INFO  cookie 
08:59:28.716 INFO  2 
08:59:28.716 INFO  6 
09:00:14.200 INFO  cookie 
09:00:14.200 INFO  1 
09:00:14.200 INFO  6 
09:00:14.200 INFO  cookie 
09:00:14.200 INFO  2 
09:00:14.200 INFO  6 
